{"message":"name is required","level":"error"}
{"message":"Folder with id 4 has been created!","level":"info"}
{"message":" Folder with id 4 has been deleted!","level":"info"}
{"message":"name is required","level":"error"}
{"message":"content is required","level":"error"}
{"message":"folder_id is required","level":"error"}
{"message":"note with id 25 has been created!","level":"info"}
{"message":"folder_id is required","level":"error"}
{"message":"folder_id is required","level":"error"}
{"message":"folder_id is required","level":"error"}
{"message":"folder_id is required","level":"error"}
{"message":"note with id 25 has been created!","level":"info"}
{"message":"note with id 26 has been created!","level":"info"}
{"message":"note with id 27 has been created!","level":"info"}
{"message":"note with id 28 has been created!","level":"info"}
{"message":"note with id 29 has been created!","level":"info"}
{"message":"note with id 30 has been created!","level":"info"}
{"message":" note with id 2 has been deleted!","level":"info"}
{"message":" note with id 1 has been deleted!","level":"info"}
{"message":" note with id 8 has been deleted!","level":"info"}
{"message":" note with id 3 has been deleted!","level":"info"}
{"message":" note with id 5 has been deleted!","level":"info"}
{"message":" note with id 7 has been deleted!","level":"info"}
{"message":"Folder with id 7 has been created!","level":"info"}
{"message":"note with id 31 has been created!","level":"info"}
{"message":"note with id 32 has been created!","level":"info"}
{"message":"note with id 33 has been created!","level":"info"}
{"message":" note with id 28 has been deleted!","level":"info"}
